<?xml version="1.0" encoding="UTF-8"?>
<!-- Generated by org.testng.reporters.JUnitXMLReporter -->
<testsuite hostname="EON-shridharn" ignored="0" name="Test" tests="1" failures="0" timestamp="09 Aug 2019 09:49:47 GMT" time="0.025" errors="0">
  <testcase name="@BeforeTest SetupPreRequisite" time="0.007" classname="testApiframework.TestBase">
    <failure type="java.lang.NullPointerException">
      <![CDATA[java.lang.NullPointerException
at testApiframework.TestBase.SetupPreRequisite(TestBase.java:44)
... Removed 24 stack frames]]>
    </failure>
  </testcase> <!-- @BeforeTest SetupPreRequisite -->
  <testcase name="@BeforeClass setupResponseSpecBuilder" time="0.0" classname="testApiframework.TestBase">
    <skipped/>
  </testcase> <!-- @BeforeClass setupResponseSpecBuilder -->
  <testcase name="validateUserList" time="0.0" classname="testApiframework.ValidateGETCalls">
    <skipped/>
  </testcase> <!-- validateUserList -->
</testsuite> <!-- Test -->
