<?xml version="1.0" encoding="UTF-8"?>
<testng-results skipped="0" failed="1" ignored="0" total="6" passed="5">
  <reporter-output>
  </reporter-output>
  <suite name="Default suite" duration-ms="10943" started-at="2019-08-12T09:28:24Z" finished-at="2019-08-12T09:28:35Z">
    <groups>
    </groups>
    <test name="Default test" duration-ms="10943" started-at="2019-08-12T09:28:24Z" finished-at="2019-08-12T09:28:35Z">
      <class name="com.restAssuearedAPIUnderstanding.ReqSpeci_and_RespoSpecificationUse">
        <test-method status="PASS" signature="Setup1PreRequisite()[pri:0, instance:com.restAssuearedAPIUnderstanding.ReqSpeci_and_RespoSpecificationUse@77847718]" name="Setup1PreRequisite" is-config="true" duration-ms="50" started-at="2019-08-12T09:28:24Z" finished-at="2019-08-12T09:28:24Z">
          <reporter-output>
          </reporter-output>
        </test-method> <!-- Setup1PreRequisite -->
        <test-method status="PASS" signature="setup0ResponseSpecBuilder()[pri:0, instance:com.restAssuearedAPIUnderstanding.ReqSpeci_and_RespoSpecificationUse@77847718]" name="setup0ResponseSpecBuilder" is-config="true" duration-ms="55" started-at="2019-08-12T09:28:24Z" finished-at="2019-08-12T09:28:24Z">
          <reporter-output>
          </reporter-output>
        </test-method> <!-- setup0ResponseSpecBuilder -->
        <test-method status="PASS" signature="understandReqSpeAbstrctMethodUse()[pri:1, instance:com.restAssuearedAPIUnderstanding.ReqSpeci_and_RespoSpecificationUse@77847718]" name="understandReqSpeAbstrctMethodUse" duration-ms="3280" started-at="2019-08-12T09:28:24Z" finished-at="2019-08-12T09:28:28Z">
          <reporter-output>
          </reporter-output>
        </test-method> <!-- understandReqSpeAbstrctMethodUse -->
        <test-method status="PASS" signature="useOfresponseBulderObjOnResponsInterface()[pri:2, instance:com.restAssuearedAPIUnderstanding.ReqSpeci_and_RespoSpecificationUse@77847718]" name="useOfresponseBulderObjOnResponsInterface" duration-ms="717" started-at="2019-08-12T09:28:28Z" finished-at="2019-08-12T09:28:28Z">
          <reporter-output>
          </reporter-output>
        </test-method> <!-- useOfresponseBulderObjOnResponsInterface -->
        <test-method status="PASS" signature="understandResponseValidateer()[pri:3, instance:com.restAssuearedAPIUnderstanding.ReqSpeci_and_RespoSpecificationUse@77847718]" name="understandResponseValidateer" duration-ms="784" started-at="2019-08-12T09:28:28Z" finished-at="2019-08-12T09:28:29Z">
          <reporter-output>
          </reporter-output>
        </test-method> <!-- understandResponseValidateer -->
        <test-method status="PASS" signature="deptinRespoVal_withoutNOStaticSpc_and_loggingSncReq()[pri:4, instance:com.restAssuearedAPIUnderstanding.ReqSpeci_and_RespoSpecificationUse@77847718]" name="deptinRespoVal_withoutNOStaticSpc_and_loggingSncReq" duration-ms="3923" started-at="2019-08-12T09:28:29Z" finished-at="2019-08-12T09:28:33Z">
          <reporter-output>
          </reporter-output>
        </test-method> <!-- deptinRespoVal_withoutNOStaticSpc_and_loggingSncReq -->
        <test-method status="PASS" signature="inDepthRespVal_pathparam_and_loggingAftrRespo()[pri:5, instance:com.restAssuearedAPIUnderstanding.ReqSpeci_and_RespoSpecificationUse@77847718]" name="inDepthRespVal_pathparam_and_loggingAftrRespo" duration-ms="1393" started-at="2019-08-12T09:28:33Z" finished-at="2019-08-12T09:28:34Z">
          <reporter-output>
          </reporter-output>
        </test-method> <!-- inDepthRespVal_pathparam_and_loggingAftrRespo -->
        <test-method status="FAIL" signature="deptinRespoVal_withoutNOStaticSpc_and_loggingSncReq_and_pathPrm()[pri:6, instance:com.restAssuearedAPIUnderstanding.ReqSpeci_and_RespoSpecificationUse@77847718]" name="deptinRespoVal_withoutNOStaticSpc_and_loggingSncReq_and_pathPrm" duration-ms="719" started-at="2019-08-12T09:28:34Z" finished-at="2019-08-12T09:28:35Z">
          <exception class="java.lang.NullPointerException">
            <full-stacktrace>
              <![CDATA[java.lang.NullPointerException
at com.restAssuearedAPIUnderstanding.ReqSpeci_and_RespoSpecificationUse.deptinRespoVal_withoutNOStaticSpc_and_loggingSncReq_and_pathPrm(ReqSpeci_and_RespoSpecificationUse.java:124)
at sun.reflect.NativeMethodAccessorImpl.invoke0(Native Method)
at sun.reflect.NativeMethodAccessorImpl.invoke(NativeMethodAccessorImpl.java:62)
at sun.reflect.DelegatingMethodAccessorImpl.invoke(DelegatingMethodAccessorImpl.java:43)
at java.lang.reflect.Method.invoke(Method.java:498)
at org.testng.internal.MethodInvocationHelper.invokeMethod(MethodInvocationHelper.java:124)
at org.testng.internal.Invoker.invokeMethod(Invoker.java:583)
at org.testng.internal.Invoker.invokeTestMethod(Invoker.java:719)
at org.testng.internal.Invoker.invokeTestMethods(Invoker.java:989)
at org.testng.internal.TestMethodWorker.invokeTestMethods(TestMethodWorker.java:125)
at org.testng.internal.TestMethodWorker.run(TestMethodWorker.java:109)
at org.testng.TestRunner.privateRun(TestRunner.java:648)
at org.testng.TestRunner.run(TestRunner.java:505)
at org.testng.SuiteRunner.runTest(SuiteRunner.java:455)
at org.testng.SuiteRunner.runSequentially(SuiteRunner.java:450)
at org.testng.SuiteRunner.privateRun(SuiteRunner.java:415)
at org.testng.SuiteRunner.run(SuiteRunner.java:364)
at org.testng.SuiteRunnerWorker.runSuite(SuiteRunnerWorker.java:52)
at org.testng.SuiteRunnerWorker.run(SuiteRunnerWorker.java:84)
at org.testng.TestNG.runSuitesSequentially(TestNG.java:1208)
at org.testng.TestNG.runSuitesLocally(TestNG.java:1137)
at org.testng.TestNG.runSuites(TestNG.java:1049)
at org.testng.TestNG.run(TestNG.java:1017)
at org.testng.remote.AbstractRemoteTestNG.run(AbstractRemoteTestNG.java:132)
at org.testng.remote.RemoteTestNG.initAndRun(RemoteTestNG.java:230)
at org.testng.remote.RemoteTestNG.main(RemoteTestNG.java:76)
]]>
            </full-stacktrace>
          </exception> <!-- java.lang.NullPointerException -->
          <reporter-output>
          </reporter-output>
        </test-method> <!-- deptinRespoVal_withoutNOStaticSpc_and_loggingSncReq_and_pathPrm -->
      </class> <!-- com.restAssuearedAPIUnderstanding.ReqSpeci_and_RespoSpecificationUse -->
    </test> <!-- Default test -->
  </suite> <!-- Default suite -->
</testng-results>
